#
# A fatal error has been detected by the Java Runtime Environment:
#
#  Internal Error (exceptions.cpp:427), pid=15497, tid=0x0000000000003f03
#  fatal error: ExceptionMark destructor expects no pending exceptions
#
# JRE version: Java(TM) SE Runtime Environment (8.0_131-b11) (build 1.8.0_131-b11)
# Java VM: Java HotSpot(TM) 64-Bit Server VM (25.131-b11 mixed mode bsd-amd64 compressed oops)
# Failed to write core dump. Core dumps have been disabled. To enable core dumping, try "ulimit -c unlimited" before starting Java again
#
# If you would like to submit a bug report, please visit:
#   http://bugreport.java.com/bugreport/crash.jsp
#

---------------  T H R E A D  ---------------

Current thread (0x00007ff460028000):  JavaThread "Signal Dispatcher" daemon [_thread_in_vm, id=16131, stack(0x0000700006d7e000,0x0000700006e7e000)]

Stack: [0x0000700006d7e000,0x0000700006e7e000],  sp=0x0000700006e7d1c0,  free space=1020k
Native frames: (J=compiled Java code, j=interpreted, Vv=VM code, C=native code)
V  [libjvm.dylib+0x5b16a2]
V  [libjvm.dylib+0x1e83b9]
V  [libjvm.dylib+0x24255b]
V  [libjvm.dylib+0xcbde3]
V  [libjvm.dylib+0xccb47]
V  [libjvm.dylib+0x4861d7]
V  [libjvm.dylib+0x56b87f]
V  [libjvm.dylib+0x56cf6c]
V  [libjvm.dylib+0x48b376]
C  [libsystem_pthread.dylib+0x393b]  _pthread_body+0xb4
C  [libsystem_pthread.dylib+0x3887]  _pthread_body+0x0
C  [libsystem_pthread.dylib+0x308d]  thread_start+0xd
C  0x0000000000000000


---------------  P R O C E S S  ---------------

Java Threads: ( => current thread )
  0x00007ff460229000 JavaThread "threadDeathWatcher-3-1" daemon [_thread_blocked, id=21251, stack(0x000070000779c000,0x000070000789c000)]
  0x00007ff45fa2d000 JavaThread "nioEventLoopGroup-2-1" [_thread_blocked, id=20743, stack(0x0000700007699000,0x0000700007799000)]
  0x00007ff45f839800 JavaThread "Service Thread" daemon [_thread_blocked, id=19715, stack(0x0000700007493000,0x0000700007593000)]
  0x00007ff45f838800 JavaThread "C1 CompilerThread2" daemon [_thread_blocked, id=19203, stack(0x0000700007390000,0x0000700007490000)]
  0x00007ff46002b000 JavaThread "C2 CompilerThread1" daemon [_thread_blocked, id=18691, stack(0x000070000728d000,0x000070000738d000)]
  0x00007ff460814000 JavaThread "C2 CompilerThread0" daemon [_thread_blocked, id=18179, stack(0x000070000718a000,0x000070000728a000)]
  0x00007ff45f838000 JavaThread "JDWP Command Reader" daemon [_thread_in_native, id=17667, stack(0x0000700007087000,0x0000700007187000)]
  0x00007ff45f837000 JavaThread "JDWP Event Helper Thread" daemon [_thread_blocked, id=17155, stack(0x0000700006f84000,0x0000700007084000)]
  0x00007ff45f043800 JavaThread "JDWP Transport Listener: dt_socket" daemon [_thread_blocked, id=16643, stack(0x0000700006e81000,0x0000700006f81000)]
=>0x00007ff460028000 JavaThread "Signal Dispatcher" daemon [_thread_in_vm, id=16131, stack(0x0000700006d7e000,0x0000700006e7e000)]
  0x00007ff46003b000 JavaThread "Finalizer" daemon [_thread_blocked, id=12291, stack(0x0000700006c7b000,0x0000700006d7b000)]
  0x00007ff45f017800 JavaThread "Reference Handler" daemon [_thread_blocked, id=11779, stack(0x0000700006b78000,0x0000700006c78000)]
  0x00007ff45f001800 JavaThread "main" [_thread_blocked, id=6915, stack(0x0000700006566000,0x0000700006666000)]

Other Threads:
  0x00007ff46003a000 VMThread [stack: 0x0000700006a75000,0x0000700006b75000] [id=11267]
  0x00007ff45f83a000 WatcherThread [stack: 0x0000700007596000,0x0000700007696000] [id=20227]

VM state:synchronizing (normal execution)

VM Mutex/Monitor currently owned by a thread:  ([mutex/lock_event])
[0x00007ff45ed0f150] Threads_lock - owner thread: 0x00007ff46003a000
[0x00007ff45ed0f650] Heap_lock - owner thread: 0x00007ff45fa2d000

Heap:
 PSYoungGen      total 3584K, used 2048K [0x00000007bfb00000, 0x00000007c0000000, 0x00000007c0000000)
  eden space 2048K, 100% used [0x00000007bfb00000,0x00000007bfd00000,0x00000007bfd00000)
  from space 1536K, 0% used [0x00000007bfd00000,0x00000007bfd00000,0x00000007bfe80000)
  to   space 1536K, 0% used [0x00000007bfe80000,0x00000007bfe80000,0x00000007c0000000)
 ParOldGen       total 11264K, used 11263K [0x00000007bf000000, 0x00000007bfb00000, 0x00000007bfb00000)
  object space 11264K, 99% used [0x00000007bf000000,0x00000007bfaffff8,0x00000007bfb00000)
 Metaspace       used 9065K, capacity 9282K, committed 9344K, reserved 1056768K
  class space    used 1054K, capacity 1111K, committed 1152K, reserved 1048576K

Card table byte_map: [0x000000010476c000,0x0000000104775000] byte_map_base: 0x0000000100974000

Marking Bits: (ParMarkBitMap*) 0x0000000103cf1ea0
 Begin Bits: [0x000000010477b000, 0x00000001047bb000)
 End Bits:   [0x00000001047bb000, 0x00000001047fb000)

Polling page: 0x0000000102ba4000

CodeCache: size=245760Kb used=3268Kb max_used=3298Kb free=242491Kb
 bounds [0x0000000111100000, 0x0000000111440000, 0x0000000120100000]
 total_blobs=1166 nmethods=841 adapters=247
 compilation: enabled

Compilation events (10 events):
Event: 31.720 Thread 0x00007ff460814000 nmethod 824 0x0000000111210f90 code [0x0000000111211120, 0x00000001112115f8]
Event: 31.852 Thread 0x00007ff460814000  810       4       java.nio.Buffer::limit (62 bytes)
Event: 32.302 Thread 0x00007ff460814000 nmethod 810 0x000000011120c0d0 code [0x000000011120c220, 0x000000011120c318]
Event: 32.303 Thread 0x00007ff460814000  823       4       io.netty.buffer.AbstractByteBuf::isReadable (17 bytes)
Event: 32.572 Thread 0x00007ff460814000 nmethod 823 0x000000011120be50 code [0x000000011120bfa0, 0x000000011120c038]
Event: 32.572 Thread 0x00007ff460814000  839       4       io.netty.buffer.AbstractByteBuf::ensureWritable (35 bytes)
Event: 33.207 Thread 0x00007ff46002b000 nmethod 838 0x00000001113fac10 code [0x00000001113faf60, 0x00000001113fd418]
Event: 33.248 Thread 0x00007ff460814000 nmethod 839 0x0000000111209910 code [0x0000000111209a60, 0x0000000111209b38]
Event: 45.668 Thread 0x00007ff460814000  858       4       java.nio.DirectByteBuffer$Deallocator::<init> (9 bytes)
Event: 46.086 Thread 0x00007ff460814000 nmethod 858 0x00000001113fa990 code [0x00000001113faae0, 0x00000001113fab58]

GC Heap History (10 events):
Event: 55.376 GC heap before
{Heap before GC invocations=699 (full 688):
 PSYoungGen      total 3584K, used 2048K [0x00000007bfb00000, 0x00000007c0000000, 0x00000007c0000000)
  eden space 2048K, 100% used [0x00000007bfb00000,0x00000007bfd00000,0x00000007bfd00000)
  from space 1536K, 0% used [0x00000007bfd00000,0x00000007bfd00000,0x00000007bfe80000)
  to   space 1536K, 0% used [0x00000007bfe80000,0x00000007bfe80000,0x00000007c0000000)
 ParOldGen       total 11264K, used 11263K [0x00000007bf000000, 0x00000007bfb00000, 0x00000007bfb00000)
  object space 11264K, 99% used [0x00000007bf000000,0x00000007bfafffe0,0x00000007bfb00000)
 Metaspace       used 9065K, capacity 9282K, committed 9344K, reserved 1056768K
  class space    used 1054K, capacity 1111K, committed 1152K, reserved 1048576K
Event: 55.425 GC heap after
Heap after GC invocations=699 (full 688):
 PSYoungGen      total 3584K, used 2048K [0x00000007bfb00000, 0x00000007c0000000, 0x00000007c0000000)
  eden space 2048K, 100% used [0x00000007bfb00000,0x00000007bfd00000,0x00000007bfd00000)
  from space 1536K, 0% used [0x00000007bfd00000,0x00000007bfd00000,0x00000007bfe80000)
  to   space 1536K, 0% used [0x00000007bfe80000,0x00000007bfe80000,0x00000007c0000000)
 ParOldGen       total 11264K, used 11263K [0x00000007bf000000, 0x00000007bfb00000, 0x00000007bfb00000)
  object space 11264K, 99% used [0x00000007bf000000,0x00000007bfafffe0,0x00000007bfb00000)
 Metaspace       used 9065K, capacity 9282K, committed 9344K, reserved 1056768K
  class space    used 1054K, capacity 1111K, committed 1152K, reserved 1048576K
}
Event: 55.426 GC heap before
{Heap before GC invocations=700 (full 689):
 PSYoungGen      total 3584K, used 2048K [0x00000007bfb00000, 0x00000007c0000000, 0x00000007c0000000)
  eden space 2048K, 100% used [0x00000007bfb00000,0x00000007bfd00000,0x00000007bfd00000)
  from space 1536K, 0% used [0x00000007bfd00000,0x00000007bfd00000,0x00000007bfe80000)
  to   space 1536K, 0% used [0x00000007bfe80000,0x00000007bfe80000,0x00000007c0000000)
 ParOldGen       total 11264K, used 11263K [0x00000007bf000000, 0x00000007bfb00000, 0x00000007bfb00000)
  object space 11264K, 99% used [0x00000007bf000000,0x00000007bfaffff8,0x00000007bfb00000)
 Metaspace       used 9065K, capacity 9282K, committed 9344K, reserved 1056768K
  class space    used 1054K, capacity 1111K, committed 1152K, reserved 1048576K
Event: 55.481 GC heap after
Heap after GC invocations=700 (full 689):
 PSYoungGen      total 3584K, used 2048K [0x00000007bfb00000, 0x00000007c0000000, 0x00000007c0000000)
  eden space 2048K, 100% used [0x00000007bfb00000,0x00000007bfd00000,0x00000007bfd00000)
  from space 1536K, 0% used [0x00000007bfd00000,0x00000007bfd00000,0x00000007bfe80000)
  to   space 1536K, 0% used [0x00000007bfe80000,0x00000007bfe80000,0x00000007c0000000)
 ParOldGen       total 11264K, used 11263K [0x00000007bf000000, 0x00000007bfb00000, 0x00000007bfb00000)
  object space 11264K, 99% used [0x00000007bf000000,0x00000007bfaffff8,0x00000007bfb00000)
 Metaspace       used 9065K, capacity 9282K, committed 9344K, reserved 1056768K
  class space    used 1054K, capacity 1111K, committed 1152K, reserved 1048576K
}
Event: 55.481 GC heap before
{Heap before GC invocations=701 (full 690):
 PSYoungGen      total 3584K, used 2048K [0x00000007bfb00000, 0x00000007c0000000, 0x00000007c0000000)
  eden space 2048K, 100% used [0x00000007bfb00000,0x00000007bfd00000,0x00000007bfd00000)
  from space 1536K, 0% used [0x00000007bfd00000,0x00000007bfd00000,0x00000007bfe80000)
  to   space 1536K, 0% used [0x00000007bfe80000,0x00000007bfe80000,0x00000007c0000000)
 ParOldGen       total 11264K, used 11263K [0x00000007bf000000, 0x00000007bfb00000, 0x00000007bfb00000)
  object space 11264K, 99% used [0x00000007bf000000,0x00000007bfaffff8,0x00000007bfb00000)
 Metaspace       used 9065K, capacity 9282K, committed 9344K, reserved 1056768K
  class space    used 1054K, capacity 1111K, committed 1152K, reserved 1048576K
Event: 55.525 GC heap after
Heap after GC invocations=701 (full 690):
 PSYoungGen      total 3584K, used 2048K [0x00000007bfb00000, 0x00000007c0000000, 0x00000007c0000000)
  eden space 2048K, 100% used [0x00000007bfb00000,0x00000007bfd00000,0x00000007bfd00000)
  from space 1536K, 0% used [0x00000007bfd00000,0x00000007bfd00000,0x00000007bfe80000)
  to   space 1536K, 0% used [0x00000007bfe80000,0x00000007bfe80000,0x00000007c0000000)
 ParOldGen       total 11264K, used 11263K [0x00000007bf000000, 0x00000007bfb00000, 0x00000007bfb00000)
  object space 11264K, 99% used [0x00000007bf000000,0x00000007bfaffff8,0x00000007bfb00000)
 Metaspace       used 9065K, capacity 9282K, committed 9344K, reserved 1056768K
  class space    used 1054K, capacity 1111K, committed 1152K, reserved 1048576K
}
Event: 55.525 GC heap before
{Heap before GC invocations=702 (full 691):
 PSYoungGen      total 3584K, used 2048K [0x00000007bfb00000, 0x00000007c0000000, 0x00000007c0000000)
  eden space 2048K, 100% used [0x00000007bfb00000,0x00000007bfd00000,0x00000007bfd00000)
  from space 1536K, 0% used [0x00000007bfd00000,0x00000007bfd00000,0x00000007bfe80000)
  to   space 1536K, 0% used [0x00000007bfe80000,0x00000007bfe80000,0x00000007c0000000)
 ParOldGen       total 11264K, used 11263K [0x00000007bf000000, 0x00000007bfb00000, 0x00000007bfb00000)
  object space 11264K, 99% used [0x00000007bf000000,0x00000007bfaffff8,0x00000007bfb00000)
 Metaspace       used 9065K, capacity 9282K, committed 9344K, reserved 1056768K
  class space    used 1054K, capacity 1111K, committed 1152K, reserved 1048576K
Event: 55.571 GC heap after
Heap after GC invocations=702 (full 691):
 PSYoungGen      total 3584K, used 2048K [0x00000007bfb00000, 0x00000007c0000000, 0x00000007c0000000)
  eden space 2048K, 100% used [0x00000007bfb00000,0x00000007bfd00000,0x00000007bfd00000)
  from space 1536K, 0% used [0x00000007bfd00000,0x00000007bfd00000,0x00000007bfe80000)
  to   space 1536K, 0% used [0x00000007bfe80000,0x00000007bfe80000,0x00000007c0000000)
 ParOldGen       total 11264K, used 11263K [0x00000007bf000000, 0x00000007bfb00000, 0x00000007bfb00000)
  object space 11264K, 99% used [0x00000007bf000000,0x00000007bfaffff8,0x00000007bfb00000)
 Metaspace       used 9065K, capacity 9282K, committed 9344K, reserved 1056768K
  class space    used 1054K, capacity 1111K, committed 1152K, reserved 1048576K
}
Event: 55.571 GC heap before
{Heap before GC invocations=703 (full 692):
 PSYoungGen      total 3584K, used 2048K [0x00000007bfb00000, 0x00000007c0000000, 0x00000007c0000000)
  eden space 2048K, 100% used [0x00000007bfb00000,0x00000007bfd00000,0x00000007bfd00000)
  from space 1536K, 0% used [0x00000007bfd00000,0x00000007bfd00000,0x00000007bfe80000)
  to   space 1536K, 0% used [0x00000007bfe80000,0x00000007bfe80000,0x00000007c0000000)
 ParOldGen       total 11264K, used 11263K [0x00000007bf000000, 0x00000007bfb00000, 0x00000007bfb00000)
  object space 11264K, 99% used [0x00000007bf000000,0x00000007bfaffff8,0x00000007bfb00000)
 Metaspace       used 9065K, capacity 9282K, committed 9344K, reserved 1056768K
  class space    used 1054K, capacity 1111K, committed 1152K, reserved 1048576K
Event: 55.614 GC heap after
Heap after GC invocations=703 (full 692):
 PSYoungGen      total 3584K, used 2048K [0x00000007bfb00000, 0x00000007c0000000, 0x00000007c0000000)
  eden space 2048K, 100% used [0x00000007bfb00000,0x00000007bfd00000,0x00000007bfd00000)
  from space 1536K, 0% used [0x00000007bfd00000,0x00000007bfd00000,0x00000007bfe80000)
  to   space 1536K, 0% used [0x00000007bfe80000,0x00000007bfe80000,0x00000007c0000000)
 ParOldGen       total 11264K, used 11263K [0x00000007bf000000, 0x00000007bfb00000, 0x00000007bfb00000)
  object space 11264K, 99% used [0x00000007bf000000,0x00000007bfaffff8,0x00000007bfb00000)
 Metaspace       used 9065K, capacity 9282K, committed 9344K, reserved 1056768K
  class space    used 1054K, capacity 1111K, committed 1152K, reserved 1048576K
}

Deoptimization events (3 events):
Event: 0.380 Thread 0x00007ff45f001800 Uncommon trap: reason=unstable_if action=reinterpret pc=0x0000000111226998 method=java.lang.String.indexOf(II)I @ 49
Event: 0.614 Thread 0x00007ff45f001800 Uncommon trap: reason=unstable_if action=reinterpret pc=0x000000011128d96c method=sun.misc.MetaIndex.mayContain(Ljava/lang/String;)Z @ 38
Event: 0.659 Thread 0x00007ff460230800 Uncommon trap: reason=unstable_if action=reinterpret pc=0x0000000111294ddc method=java.lang.String.indexOf([CII[CIII)I @ 3

Internal exceptions (10 events):
Event: 54.625 Thread 0x00007ff45fa2d000 Exception <a 'java/lang/OutOfMemoryError'> (0x00000007bf0fc6b8) thrown at [/Users/java_re/workspace/8-2-build-macosx-x86_64/jdk8u131/8869/hotspot/src/share/vm/gc_interface/collectedHeap.inline.hpp, line 170]
Event: 54.806 Thread 0x00007ff45fa2d000 Exception <a 'java/lang/OutOfMemoryError'> (0x00000007bf0fc638) thrown at [/Users/java_re/workspace/8-2-build-macosx-x86_64/jdk8u131/8869/hotspot/src/share/vm/gc_interface/collectedHeap.inline.hpp, line 159]
Event: 54.850 Thread 0x00007ff45fa2d000 Exception <a 'java/lang/OutOfMemoryError'> (0x00000007bf0fc6b8) thrown at [/Users/java_re/workspace/8-2-build-macosx-x86_64/jdk8u131/8869/hotspot/src/share/vm/gc_interface/collectedHeap.inline.hpp, line 170]
Event: 54.982 Thread 0x00007ff45fa2d000 Exception <a 'java/lang/OutOfMemoryError'> (0x00000007bf0fc638) thrown at [/Users/java_re/workspace/8-2-build-macosx-x86_64/jdk8u131/8869/hotspot/src/share/vm/gc_interface/collectedHeap.inline.hpp, line 159]
Event: 55.104 Thread 0x00007ff45fa2d000 Exception <a 'java/lang/OutOfMemoryError'> (0x00000007bf0fc6b8) thrown at [/Users/java_re/workspace/8-2-build-macosx-x86_64/jdk8u131/8869/hotspot/src/share/vm/gc_interface/collectedHeap.inline.hpp, line 170]
Event: 55.186 Thread 0x00007ff45fa2d000 Exception <a 'java/lang/OutOfMemoryError'> (0x00000007bf0fc638) thrown at [/Users/java_re/workspace/8-2-build-macosx-x86_64/jdk8u131/8869/hotspot/src/share/vm/gc_interface/collectedHeap.inline.hpp, line 159]
Event: 55.269 Thread 0x00007ff45fa2d000 Exception <a 'java/lang/OutOfMemoryError'> (0x00000007bf0fc6b8) thrown at [/Users/java_re/workspace/8-2-build-macosx-x86_64/jdk8u131/8869/hotspot/src/share/vm/gc_interface/collectedHeap.inline.hpp, line 170]
Event: 55.426 Thread 0x00007ff45fa2d000 Exception <a 'java/lang/OutOfMemoryError'> (0x00000007bf0fc638) thrown at [/Users/java_re/workspace/8-2-build-macosx-x86_64/jdk8u131/8869/hotspot/src/share/vm/gc_interface/collectedHeap.inline.hpp, line 159]
Event: 55.525 Thread 0x00007ff45fa2d000 Exception <a 'java/lang/OutOfMemoryError'> (0x00000007bf0fc6b8) thrown at [/Users/java_re/workspace/8-2-build-macosx-x86_64/jdk8u131/8869/hotspot/src/share/vm/gc_interface/collectedHeap.inline.hpp, line 170]
Event: 55.614 Thread 0x00007ff460028000 Exception <a 'java/lang/OutOfMemoryError'> (0x00000007bf0fc638) thrown at [/Users/java_re/workspace/8-2-build-macosx-x86_64/jdk8u131/8869/hotspot/src/share/vm/gc_interface/collectedHeap.inline.hpp, line 159]

Events (10 events):
Event: 55.269 Executing VM operation: ParallelGCFailedAllocation
Event: 55.326 Executing VM operation: ParallelGCFailedAllocation done
Event: 55.326 Executing VM operation: ParallelGCFailedAllocation
Event: 55.426 Executing VM operation: ParallelGCFailedAllocation done
Event: 55.426 Executing VM operation: ParallelGCFailedAllocation
Event: 55.525 Executing VM operation: ParallelGCFailedAllocation done
Event: 55.525 Executing VM operation: ParallelGCFailedAllocation
Event: 55.525 Thread 0x00007ff45fa2d000 DEOPT PACKING pc=0x0000000111221d5f sp=0x00007000077978f0
Event: 55.525 Thread 0x00007ff45fa2d000 DEOPT UNPACKING pc=0x0000000111147633 sp=0x00007000077975e8 mode 1
Event: 55.614 Executing VM operation: ParallelGCFailedAllocation done


Dynamic libraries:
0x00000000168d3000 	/System/Library/Frameworks/Cocoa.framework/Versions/A/Cocoa
0x00000000168d3000 	/System/Library/Frameworks/Security.framework/Versions/A/Security
0x00000000168d3000 	/System/Library/Frameworks/ApplicationServices.framework/Versions/A/ApplicationServices
0x00000000168d3000 	/usr/lib/libz.1.dylib
0x00000000168d3000 	/usr/lib/libSystem.B.dylib
0x00000000168d3000 	/usr/lib/libobjc.A.dylib
0x00000000168d3000 	/System/Library/Frameworks/CoreFoundation.framework/Versions/A/CoreFoundation
0x00000000168d3000 	/System/Library/Frameworks/Foundation.framework/Versions/C/Foundation
0x00000000168d3000 	/System/Library/Frameworks/AppKit.framework/Versions/C/AppKit
0x00000000168d3000 	/System/Library/Frameworks/CoreData.framework/Versions/A/CoreData
0x00000000168d3000 	/System/Library/PrivateFrameworks/RemoteViewServices.framework/Versions/A/RemoteViewServices
0x00000000168d3000 	/System/Library/PrivateFrameworks/UIFoundation.framework/Versions/A/UIFoundation
0x00000000168d3000 	/System/Library/PrivateFrameworks/DFRFoundation.framework/Versions/A/DFRFoundation
0x00000000168d3000 	/usr/lib/libenergytrace.dylib
0x00000000168d3000 	/System/Library/PrivateFrameworks/SkyLight.framework/Versions/A/SkyLight
0x00000000168d3000 	/System/Library/Frameworks/CoreGraphics.framework/Versions/A/CoreGraphics
0x00000000168d3000 	/usr/lib/libScreenReader.dylib
0x00000000168d3000 	/System/Library/Frameworks/Accelerate.framework/Versions/A/Accelerate
0x00000000168d3000 	/System/Library/Frameworks/IOSurface.framework/Versions/A/IOSurface
0x00000000168d3000 	/System/Library/Frameworks/AudioToolbox.framework/Versions/A/AudioToolbox
0x00000000168d3000 	/System/Library/Frameworks/AudioUnit.framework/Versions/A/AudioUnit
0x00000000168d3000 	/System/Library/PrivateFrameworks/DataDetectorsCore.framework/Versions/A/DataDetectorsCore
0x00000000168d3000 	/System/Library/PrivateFrameworks/DesktopServicesPriv.framework/Versions/A/DesktopServicesPriv
0x00000000168d3000 	/System/Library/Frameworks/Carbon.framework/Versions/A/Frameworks/HIToolbox.framework/Versions/A/HIToolbox
0x00000000168d3000 	/usr/lib/libicucore.A.dylib
0x00000000168d3000 	/System/Library/Frameworks/QuartzCore.framework/Versions/A/QuartzCore
0x00000000168d3000 	/System/Library/Frameworks/Carbon.framework/Versions/A/Frameworks/SpeechRecognition.framework/Versions/A/SpeechRecognition
0x00000000168d3000 	/usr/lib/libauto.dylib
0x00000000168d3000 	/usr/lib/libxml2.2.dylib
0x00000000168d3000 	/System/Library/PrivateFrameworks/CoreUI.framework/Versions/A/CoreUI
0x00000000168d3000 	/System/Library/Frameworks/CoreAudio.framework/Versions/A/CoreAudio
0x00000000168d3000 	/System/Library/Frameworks/DiskArbitration.framework/Versions/A/DiskArbitration
0x00000000168d3000 	/usr/lib/liblangid.dylib
0x00000000168d3000 	/System/Library/PrivateFrameworks/MultitouchSupport.framework/Versions/A/MultitouchSupport
0x00000000168d3000 	/System/Library/Frameworks/IOKit.framework/Versions/A/IOKit
0x00000000168d3000 	/usr/lib/libDiagnosticMessagesClient.dylib
0x00000000168d3000 	/System/Library/Frameworks/CoreServices.framework/Versions/A/CoreServices
0x00000000168d3000 	/System/Library/PrivateFrameworks/PerformanceAnalysis.framework/Versions/A/PerformanceAnalysis
0x00000000168d3000 	/System/Library/PrivateFrameworks/GenerationalStorage.framework/Versions/A/GenerationalStorage
0x00000000168d3000 	/System/Library/Frameworks/OpenGL.framework/Versions/A/OpenGL
0x00000000168d3000 	/System/Library/Frameworks/CoreImage.framework/Versions/A/CoreImage
0x00000000168d3000 	/System/Library/Frameworks/CoreText.framework/Versions/A/CoreText
0x00000000168d3000 	/System/Library/Frameworks/ImageIO.framework/Versions/A/ImageIO
0x00000000168d3000 	/System/Library/PrivateFrameworks/Backup.framework/Versions/A/Backup
0x00000000168d3000 	/usr/lib/libarchive.2.dylib
0x00000000168d3000 	/System/Library/Frameworks/CFNetwork.framework/Versions/A/CFNetwork
0x00000000168d3000 	/System/Library/Frameworks/SystemConfiguration.framework/Versions/A/SystemConfiguration
0x00000000168d3000 	/usr/lib/libCRFSuite.dylib
0x00000000168d3000 	/usr/lib/libc++.1.dylib
0x00000000168d3000 	/usr/lib/libc++abi.dylib
0x00000000168d3000 	/usr/lib/system/libcache.dylib
0x00000000168d3000 	/usr/lib/system/libcommonCrypto.dylib
0x00000000168d3000 	/usr/lib/system/libcompiler_rt.dylib
0x00000000168d3000 	/usr/lib/system/libcopyfile.dylib
0x00000000168d3000 	/usr/lib/system/libcorecrypto.dylib
0x00000000168d3000 	/usr/lib/system/libdispatch.dylib
0x00000000168d3000 	/usr/lib/system/libdyld.dylib
0x00000000168d3000 	/usr/lib/system/libkeymgr.dylib
0x00000000168d3000 	/usr/lib/system/liblaunch.dylib
0x00000000168d3000 	/usr/lib/system/libmacho.dylib
0x00000000168d3000 	/usr/lib/system/libquarantine.dylib
0x00000000168d3000 	/usr/lib/system/libremovefile.dylib
0x00000000168d3000 	/usr/lib/system/libsystem_asl.dylib
0x00000000168d3000 	/usr/lib/system/libsystem_blocks.dylib
0x00000000168d3000 	/usr/lib/system/libsystem_c.dylib
0x00000000168d3000 	/usr/lib/system/libsystem_configuration.dylib
0x00000000168d3000 	/usr/lib/system/libsystem_coreservices.dylib
0x00000000168d3000 	/usr/lib/system/libsystem_coretls.dylib
0x00000000168d3000 	/usr/lib/system/libsystem_dnssd.dylib
0x00000000168d3000 	/usr/lib/system/libsystem_info.dylib
0x00000000168d3000 	/usr/lib/system/libsystem_kernel.dylib
0x00000000168d3000 	/usr/lib/system/libsystem_m.dylib
0x00000000168d3000 	/usr/lib/system/libsystem_malloc.dylib
0x00000000168d3000 	/usr/lib/system/libsystem_network.dylib
0x00000000168d3000 	/usr/lib/system/libsystem_networkextension.dylib
0x00000000168d3000 	/usr/lib/system/libsystem_notify.dylib
0x00000000168d3000 	/usr/lib/system/libsystem_platform.dylib
0x00000000168d3000 	/usr/lib/system/libsystem_pthread.dylib
0x00000000168d3000 	/usr/lib/system/libsystem_sandbox.dylib
0x00000000168d3000 	/usr/lib/system/libsystem_secinit.dylib
0x00000000168d3000 	/usr/lib/system/libsystem_symptoms.dylib
0x00000000168d3000 	/usr/lib/system/libsystem_trace.dylib
0x00000000168d3000 	/usr/lib/system/libunwind.dylib
0x00000000168d3000 	/usr/lib/system/libxpc.dylib
0x00000000168d3000 	/usr/lib/libbsm.0.dylib
0x00000000168d3000 	/usr/lib/system/libkxld.dylib
0x00000000168d3000 	/usr/lib/libcoretls.dylib
0x00000000168d3000 	/usr/lib/libcoretls_cfhelpers.dylib
0x00000000168d3000 	/usr/lib/libOpenScriptingUtil.dylib
0x00000000168d3000 	/usr/lib/libpam.2.dylib
0x00000000168d3000 	/usr/lib/libsqlite3.dylib
0x00000000168d3000 	/usr/lib/libxar.1.dylib
0x00000000168d3000 	/usr/lib/libbz2.1.0.dylib
0x00000000168d3000 	/usr/lib/liblzma.5.dylib
0x00000000168d3000 	/usr/lib/libnetwork.dylib
0x00000000168d3000 	/usr/lib/libpcap.A.dylib
0x00000000168d3000 	/System/Library/Frameworks/CoreServices.framework/Versions/A/Frameworks/FSEvents.framework/Versions/A/FSEvents
0x00000000168d3000 	/System/Library/Frameworks/CoreServices.framework/Versions/A/Frameworks/CarbonCore.framework/Versions/A/CarbonCore
0x00000000168d3000 	/System/Library/Frameworks/CoreServices.framework/Versions/A/Frameworks/Metadata.framework/Versions/A/Metadata
0x00000000168d3000 	/System/Library/Frameworks/CoreServices.framework/Versions/A/Frameworks/OSServices.framework/Versions/A/OSServices
0x00000000168d3000 	/System/Library/Frameworks/CoreServices.framework/Versions/A/Frameworks/SearchKit.framework/Versions/A/SearchKit
0x00000000168d3000 	/System/Library/Frameworks/CoreServices.framework/Versions/A/Frameworks/AE.framework/Versions/A/AE
0x00000000168d3000 	/System/Library/Frameworks/CoreServices.framework/Versions/A/Frameworks/LaunchServices.framework/Versions/A/LaunchServices
0x00000000168d3000 	/System/Library/Frameworks/CoreServices.framework/Versions/A/Frameworks/DictionaryServices.framework/Versions/A/DictionaryServices
0x00000000168d3000 	/System/Library/Frameworks/CoreServices.framework/Versions/A/Frameworks/SharedFileList.framework/Versions/A/SharedFileList
0x00000000168d3000 	/System/Library/Frameworks/NetFS.framework/Versions/A/NetFS
0x00000000168d3000 	/System/Library/PrivateFrameworks/NetAuth.framework/Versions/A/NetAuth
0x00000000168d3000 	/System/Library/PrivateFrameworks/login.framework/Versions/A/Frameworks/loginsupport.framework/Versions/A/loginsupport
0x00000000168d3000 	/System/Library/PrivateFrameworks/TCC.framework/Versions/A/TCC
0x00000000168d3000 	/usr/lib/libmecabra.dylib
0x00000000168d3000 	/System/Library/Frameworks/ApplicationServices.framework/Versions/A/Frameworks/ATS.framework/Versions/A/ATS
0x00000000168d3000 	/System/Library/Frameworks/ApplicationServices.framework/Versions/A/Frameworks/ColorSync.framework/Versions/A/ColorSync
0x00000000168d3000 	/System/Library/Frameworks/ApplicationServices.framework/Versions/A/Frameworks/HIServices.framework/Versions/A/HIServices
0x00000000168d3000 	/System/Library/Frameworks/ApplicationServices.framework/Versions/A/Frameworks/LangAnalysis.framework/Versions/A/LangAnalysis
0x00000000168d3000 	/System/Library/Frameworks/ApplicationServices.framework/Versions/A/Frameworks/PrintCore.framework/Versions/A/PrintCore
0x00000000168d3000 	/System/Library/Frameworks/ApplicationServices.framework/Versions/A/Frameworks/QD.framework/Versions/A/QD
0x00000000168d3000 	/System/Library/Frameworks/ApplicationServices.framework/Versions/A/Frameworks/SpeechSynthesis.framework/Versions/A/SpeechSynthesis
0x00000000168d3000 	/System/Library/Frameworks/Accelerate.framework/Versions/A/Frameworks/vImage.framework/Versions/A/vImage
0x00000000168d3000 	/System/Library/Frameworks/Accelerate.framework/Versions/A/Frameworks/vecLib.framework/Versions/A/vecLib
0x00000000168d3000 	/System/Library/Frameworks/Accelerate.framework/Versions/A/Frameworks/vecLib.framework/Versions/A/libvDSP.dylib
0x00000000168d3000 	/System/Library/Frameworks/Accelerate.framework/Versions/A/Frameworks/vecLib.framework/Versions/A/libBNNS.dylib
0x00000000168d3000 	/System/Library/Frameworks/Accelerate.framework/Versions/A/Frameworks/vecLib.framework/Versions/A/libQuadrature.dylib
0x00000000168d3000 	/System/Library/Frameworks/Accelerate.framework/Versions/A/Frameworks/vecLib.framework/Versions/A/libvMisc.dylib
0x00000000168d3000 	/System/Library/Frameworks/Accelerate.framework/Versions/A/Frameworks/vecLib.framework/Versions/A/libLAPACK.dylib
0x00000000168d3000 	/System/Library/Frameworks/Accelerate.framework/Versions/A/Frameworks/vecLib.framework/Versions/A/libBLAS.dylib
0x00000000168d3000 	/System/Library/Frameworks/Accelerate.framework/Versions/A/Frameworks/vecLib.framework/Versions/A/libLinearAlgebra.dylib
0x00000000168d3000 	/System/Library/Frameworks/Accelerate.framework/Versions/A/Frameworks/vecLib.framework/Versions/A/libSparseBLAS.dylib
0x00000000168d3000 	/System/Library/Frameworks/ApplicationServices.framework/Versions/A/Frameworks/ATS.framework/Versions/A/Resources/libFontParser.dylib
0x00000000168d3000 	/System/Library/Frameworks/ApplicationServices.framework/Versions/A/Frameworks/ATS.framework/Versions/A/Resources/libFontRegistry.dylib
0x00000000168d3000 	/System/Library/Frameworks/ImageIO.framework/Versions/A/Resources/libJPEG.dylib
0x00000000168d3000 	/System/Library/Frameworks/ImageIO.framework/Versions/A/Resources/libTIFF.dylib
0x00000000168d3000 	/System/Library/Frameworks/ImageIO.framework/Versions/A/Resources/libPng.dylib
0x00000000168d3000 	/System/Library/Frameworks/ImageIO.framework/Versions/A/Resources/libGIF.dylib
0x00000000168d3000 	/System/Library/Frameworks/ImageIO.framework/Versions/A/Resources/libJP2.dylib
0x00000000168d3000 	/System/Library/Frameworks/ImageIO.framework/Versions/A/Resources/libRadiance.dylib
0x00000000168d3000 	/usr/lib/libcompression.dylib
0x00000000168d3000 	/System/Library/PrivateFrameworks/AppleJPEG.framework/Versions/A/AppleJPEG
0x00000000168d3000 	/usr/lib/libcups.2.dylib
0x00000000168d3000 	/System/Library/Frameworks/Kerberos.framework/Versions/A/Kerberos
0x00000000168d3000 	/System/Library/Frameworks/GSS.framework/Versions/A/GSS
0x00000000168d3000 	/usr/lib/libresolv.9.dylib
0x00000000168d3000 	/usr/lib/libiconv.2.dylib
0x00000000168d3000 	/System/Library/PrivateFrameworks/Heimdal.framework/Versions/A/Heimdal
0x00000000168d3000 	/usr/lib/libheimdal-asn1.dylib
0x00000000168d3000 	/System/Library/Frameworks/OpenDirectory.framework/Versions/A/OpenDirectory
0x00000000168d3000 	/System/Library/PrivateFrameworks/CommonAuth.framework/Versions/A/CommonAuth
0x00000000168d3000 	/System/Library/Frameworks/OpenDirectory.framework/Versions/A/Frameworks/CFOpenDirectory.framework/Versions/A/CFOpenDirectory
0x00000000168d3000 	/System/Library/Frameworks/SecurityFoundation.framework/Versions/A/SecurityFoundation
0x00000000168d3000 	/System/Library/PrivateFrameworks/LanguageModeling.framework/Versions/A/LanguageModeling
0x00000000168d3000 	/usr/lib/libmarisa.dylib
0x00000000168d3000 	/usr/lib/libChineseTokenizer.dylib
0x00000000168d3000 	/usr/lib/libcmph.dylib
0x00000000168d3000 	/System/Library/PrivateFrameworks/CoreEmoji.framework/Versions/A/CoreEmoji
0x00000000168d3000 	/System/Library/Frameworks/ServiceManagement.framework/Versions/A/ServiceManagement
0x00000000168d3000 	/usr/lib/libxslt.1.dylib
0x00000000168d3000 	/System/Library/Frameworks/Carbon.framework/Versions/A/Frameworks/Ink.framework/Versions/A/Ink
0x00000000168d3000 	/System/Library/PrivateFrameworks/TextureIO.framework/Versions/A/TextureIO
0x00000000168d3000 	/System/Library/Frameworks/Metal.framework/Versions/A/Metal
0x00000000168d3000 	/usr/lib/libate.dylib
0x00000000168d3000 	/System/Library/PrivateFrameworks/GPUCompiler.framework/libmetal_timestamp.dylib
0x00000000168d3000 	/System/Library/Frameworks/OpenGL.framework/Versions/A/Libraries/libCoreFSCache.dylib
0x00000000168d3000 	/System/Library/PrivateFrameworks/IOAccelerator.framework/Versions/A/IOAccelerator
0x00000000168d3000 	/System/Library/Frameworks/CoreVideo.framework/Versions/A/CoreVideo
0x00000000168d3000 	/usr/lib/libFosl_dynamic.dylib
0x00000000168d3000 	/System/Library/PrivateFrameworks/MetalPerformanceShaders.framework/Versions/A/MetalPerformanceShaders
0x00000000168d3000 	/System/Library/PrivateFrameworks/FaceCore.framework/Versions/A/FaceCore
0x00000000168d3000 	/System/Library/Frameworks/OpenCL.framework/Versions/A/OpenCL
0x00000000168d3000 	/System/Library/Frameworks/OpenGL.framework/Versions/A/Libraries/libGLU.dylib
0x00000000168d3000 	/System/Library/Frameworks/OpenGL.framework/Versions/A/Libraries/libGFXShared.dylib
0x00000000168d3000 	/System/Library/Frameworks/OpenGL.framework/Versions/A/Libraries/libGL.dylib
0x00000000168d3000 	/System/Library/Frameworks/OpenGL.framework/Versions/A/Libraries/libGLImage.dylib
0x00000000168d3000 	/System/Library/Frameworks/OpenGL.framework/Versions/A/Libraries/libCVMSPluginSupport.dylib
0x00000000168d3000 	/System/Library/Frameworks/OpenGL.framework/Versions/A/Libraries/libCoreVMClient.dylib
0x00000000168d3000 	/System/Library/PrivateFrameworks/CrashReporterSupport.framework/Versions/A/CrashReporterSupport
0x00000000168d3000 	/System/Library/PrivateFrameworks/Sharing.framework/Versions/A/Sharing
0x00000000168d3000 	/System/Library/PrivateFrameworks/IconServices.framework/Versions/A/IconServices
0x00000000168d3000 	/System/Library/PrivateFrameworks/ProtocolBuffer.framework/Versions/A/ProtocolBuffer
0x00000000168d3000 	/System/Library/PrivateFrameworks/Apple80211.framework/Versions/A/Apple80211
0x00000000168d3000 	/System/Library/Frameworks/CoreWLAN.framework/Versions/A/CoreWLAN
0x00000000168d3000 	/System/Library/PrivateFrameworks/CoreUtils.framework/Versions/A/CoreUtils
0x00000000168d3000 	/System/Library/Frameworks/IOBluetooth.framework/Versions/A/IOBluetooth
0x00000000168d3000 	/System/Library/PrivateFrameworks/CoreWiFi.framework/Versions/A/CoreWiFi
0x00000000168d3000 	/System/Library/Frameworks/CoreBluetooth.framework/Versions/A/CoreBluetooth
0x00000000168d3000 	/System/Library/Frameworks/CoreDisplay.framework/Versions/A/CoreDisplay
0x00000000168d3000 	/System/Library/PrivateFrameworks/IOPresentment.framework/Versions/A/IOPresentment
0x00000000168d3000 	/System/Library/PrivateFrameworks/DSExternalDisplay.framework/Versions/A/DSExternalDisplay
0x00000000168d3000 	/System/Library/PrivateFrameworks/DebugSymbols.framework/Versions/A/DebugSymbols
0x00000000168d3000 	/System/Library/PrivateFrameworks/CoreSymbolication.framework/Versions/A/CoreSymbolication
0x00000000168d3000 	/System/Library/PrivateFrameworks/Symbolication.framework/Versions/A/Symbolication
0x00000000168d3000 	/System/Library/PrivateFrameworks/AppleFSCompression.framework/Versions/A/AppleFSCompression
0x00000000168d3000 	/System/Library/PrivateFrameworks/SpeechRecognitionCore.framework/Versions/A/SpeechRecognitionCore
0x00000000168d3000 	/System/Library/PrivateFrameworks/ChunkingLibrary.framework/Versions/A/ChunkingLibrary
0x0000000102b1d000 	/System/Library/CoreServices/Encodings/libSimplifiedChineseConverter.dylib
0x0000000103400000 	/Library/Java/JavaVirtualMachines/jdk1.8.0_131.jdk/Contents/Home/jre/lib/server/libjvm.dylib
0x00000000168d3000 	/usr/lib/libstdc++.6.dylib
0x0000000102b61000 	/Library/Java/JavaVirtualMachines/jdk1.8.0_131.jdk/Contents/Home/jre/lib/libverify.dylib
0x0000000102b6f000 	/Library/Java/JavaVirtualMachines/jdk1.8.0_131.jdk/Contents/Home/jre/lib/libjava.dylib
0x0000000102ba5000 	/Library/Java/JavaVirtualMachines/jdk1.8.0_131.jdk/Contents/Home/jre/lib/libjdwp.dylib
0x0000000102bf0000 	/Library/Java/JavaVirtualMachines/jdk1.8.0_131.jdk/Contents/Home/jre/lib/libnpt.dylib
0x00000001043a3000 	/Library/Java/JavaVirtualMachines/jdk1.8.0_131.jdk/Contents/Home/jre/lib/libzip.dylib
0x00000001062d2000 	/System/Library/Frameworks/JavaVM.framework/Frameworks/JavaRuntimeSupport.framework/JavaRuntimeSupport
0x00000001062ec000 	/System/Library/Frameworks/JavaVM.framework/Versions/A/Frameworks/JavaNativeFoundation.framework/Versions/A/JavaNativeFoundation
0x0000000106301000 	/System/Library/Frameworks/JavaVM.framework/Versions/A/JavaVM
0x00000000168d3000 	/System/Library/Frameworks/Carbon.framework/Versions/A/Carbon
0x000000010630e000 	/System/Library/PrivateFrameworks/JavaLaunching.framework/Versions/A/JavaLaunching
0x00000000168d3000 	/System/Library/Frameworks/Carbon.framework/Versions/A/Frameworks/CommonPanels.framework/Versions/A/CommonPanels
0x00000000168d3000 	/System/Library/Frameworks/Carbon.framework/Versions/A/Frameworks/Help.framework/Versions/A/Help
0x00000000168d3000 	/System/Library/Frameworks/Carbon.framework/Versions/A/Frameworks/ImageCapture.framework/Versions/A/ImageCapture
0x00000000168d3000 	/System/Library/Frameworks/Carbon.framework/Versions/A/Frameworks/OpenScripting.framework/Versions/A/OpenScripting
0x00000000168d3000 	/System/Library/Frameworks/Carbon.framework/Versions/A/Frameworks/Print.framework/Versions/A/Print
0x00000000168d3000 	/System/Library/Frameworks/Carbon.framework/Versions/A/Frameworks/SecurityHI.framework/Versions/A/SecurityHI
0x0000000107c1b000 	/Library/Java/JavaVirtualMachines/jdk1.8.0_131.jdk/Contents/Home/jre/lib/libdt_socket.dylib
0x00000001081f8000 	/Library/Java/JavaVirtualMachines/jdk1.8.0_131.jdk/Contents/Home/jre/lib/libnet.dylib
0x0000000108257000 	/Library/Java/JavaVirtualMachines/jdk1.8.0_131.jdk/Contents/Home/jre/lib/libnio.dylib
0x0000000108267000 	/Library/Java/JavaVirtualMachines/jdk1.8.0_131.jdk/Contents/Home/jre/lib/libmanagement.dylib

VM Arguments:
jvm_args: -agentlib:jdwp=transport=dt_socket,address=127.0.0.1:64897,suspend=y,server=n -Xms16m -Xmx16m -Dfile.encoding=UTF-8 
java_command: com.sun.netty.self.NettyClient
java_class_path (initial): /Library/Java/JavaVirtualMachines/jdk1.8.0_131.jdk/Contents/Home/jre/lib/charsets.jar:/Library/Java/JavaVirtualMachines/jdk1.8.0_131.jdk/Contents/Home/jre/lib/deploy.jar:/Library/Java/JavaVirtualMachines/jdk1.8.0_131.jdk/Contents/Home/jre/lib/ext/cldrdata.jar:/Library/Java/JavaVirtualMachines/jdk1.8.0_131.jdk/Contents/Home/jre/lib/ext/dnsns.jar:/Library/Java/JavaVirtualMachines/jdk1.8.0_131.jdk/Contents/Home/jre/lib/ext/jaccess.jar:/Library/Java/JavaVirtualMachines/jdk1.8.0_131.jdk/Contents/Home/jre/lib/ext/jfxrt.jar:/Library/Java/JavaVirtualMachines/jdk1.8.0_131.jdk/Contents/Home/jre/lib/ext/localedata.jar:/Library/Java/JavaVirtualMachines/jdk1.8.0_131.jdk/Contents/Home/jre/lib/ext/nashorn.jar:/Library/Java/JavaVirtualMachines/jdk1.8.0_131.jdk/Contents/Home/jre/lib/ext/sunec.jar:/Library/Java/JavaVirtualMachines/jdk1.8.0_131.jdk/Contents/Home/jre/lib/ext/sunjce_provider.jar:/Library/Java/JavaVirtualMachines/jdk1.8.0_131.jdk/Contents/Home/jre/lib/ext/sunpkcs11.jar:/Library/Java/JavaVirtualMachines/jdk1.8.0_131.jdk/Contents/Home/jre/lib/ext/zipfs.jar:/Library/Java/JavaVirtualMachines/jdk1.8.0_131.jdk/Contents/Home/jre/lib/javaws.jar:/Library/Java/JavaVirtualMachines/jdk1.8.0_131.jdk/Contents/Home/jre/lib/jce.jar:/Library/Java/JavaVirtualMachines/jdk1.8.0_131.jdk/Contents/Home/jre/lib/jfr.jar:/Library/Java/JavaVirtualMachines/jdk1.8.0_131.jdk/Contents/Home/jre/lib/jfxswt.jar:/Library/Java/JavaVirtualMachines/jdk1.8.0_131.jdk/Contents/Home/jre/lib/jsse.jar:/Library/Java/JavaVirtualMachines/jdk1.8.0_131.jdk/Contents/Home/jre/lib/management-agent.jar:/Library/Java/JavaVirtualMachines/jdk1.8.0_131.jdk/Contents/Home/jre/lib/plugin.jar:/Library/Java/JavaVirtualMachines/jdk1.8.0_131.jdk/Contents/Home/jre/lib/resources.jar:/Library/Java/JavaVirtualMachines/jdk1.8.0_131.jdk/Contents/Home/jre/lib/rt.jar:/Library/Java/JavaVirtualMachines/jdk1.8.0_131.jdk/Contents/Home/lib/ant-javafx.jar:/Library/Java/JavaVirtualMachines/jdk1.8.0_131.jdk/Contents/Home
Launcher Type: SUN_STANDARD

Environment Variables:
CLASSPATH=.:/Library/Java/JavaVirtualMachines/jdk1.8.0_131.jdk/Contents/Home/lib/dt.jar:/Library/Java/JavaVirtualMachines/jdk1.8.0_131.jdk/Contents/Home/lib/tools.jar
PATH=/usr/local/opt/coreutils/libexec/gnubin:/usr/local/apache-maven-3.5.0/bin:/usr/local/bin:/usr/bin:/bin:/usr/sbin:/sbin:
SHELL=/bin/zsh

Signal Handlers:
SIGSEGV: [libjvm.dylib+0x5b1eb1], sa_mask[0]=11111111011111110111111111111111, sa_flags=SA_ONSTACK|SA_RESTART|SA_SIGINFO
SIGBUS: [libjvm.dylib+0x5b1eb1], sa_mask[0]=11111111011111110111111111111111, sa_flags=SA_RESTART|SA_SIGINFO
SIGFPE: [libjvm.dylib+0x488988], sa_mask[0]=11111111011111110111111111111111, sa_flags=SA_RESTART|SA_SIGINFO
SIGPIPE: [libjvm.dylib+0x488988], sa_mask[0]=11111111011111110111111111111111, sa_flags=SA_RESTART|SA_SIGINFO
SIGXFSZ: [libjvm.dylib+0x488988], sa_mask[0]=11111111011111110111111111111111, sa_flags=SA_RESTART|SA_SIGINFO
SIGILL: [libjvm.dylib+0x488988], sa_mask[0]=11111111011111110111111111111111, sa_flags=SA_RESTART|SA_SIGINFO
SIGUSR1: SIG_DFL, sa_mask[0]=00000000000000000000000000000000, sa_flags=none
SIGUSR2: [libjvm.dylib+0x4884a6], sa_mask[0]=00100000000000000000000000000000, sa_flags=SA_RESTART|SA_SIGINFO
SIGHUP: [libjvm.dylib+0x486a7d], sa_mask[0]=11111111011111110111111111111111, sa_flags=SA_RESTART|SA_SIGINFO
SIGINT: [libjvm.dylib+0x486a7d], sa_mask[0]=11111111011111110111111111111111, sa_flags=SA_RESTART|SA_SIGINFO
SIGTERM: [libjvm.dylib+0x486a7d], sa_mask[0]=11111111011111110111111111111111, sa_flags=SA_RESTART|SA_SIGINFO
SIGQUIT: [libjvm.dylib+0x486a7d], sa_mask[0]=11111111011111110111111111111111, sa_flags=SA_RESTART|SA_SIGINFO


---------------  S Y S T E M  ---------------

OS:Bsduname:Darwin 16.7.0 Darwin Kernel Version 16.7.0: Thu Jun 15 17:36:27 PDT 2017; root:xnu-3789.70.16~2/RELEASE_X86_64 x86_64
rlimit: STACK 8192k, CORE 0k, NPROC 709, NOFILE 10240, AS infinity
load average:4.03 3.45 3.40

CPU:total 4 (initial active 4) (2 cores per cpu, 2 threads per core) family 6 model 61 stepping 4, cmov, cx8, fxsr, mmx, sse, sse2, sse3, ssse3, sse4.1, sse4.2, popcnt, avx, avx2, aes, clmul, erms, 3dnowpref, lzcnt, ht, tsc, tscinvbit, bmi1, bmi2, adx

Memory: 4k page, physical 8388608k(380804k free)

/proc/meminfo:


vm_info: Java HotSpot(TM) 64-Bit Server VM (25.131-b11) for bsd-amd64 JRE (1.8.0_131-b11), built on Mar 15 2017 01:32:22 by "java_re" with gcc 4.2.1 (Based on Apple Inc. build 5658) (LLVM build 2336.11.00)

time: Mon Oct  9 17:22:22 2017
elapsed time: 55 seconds (0d 0h 0m 55s)

